Using network 'forked_live'.

Running migration: 1_initial_migration.js
Saving artifacts...
Running migration: 2_deploy_contracts.js
checking step 2
Saving artifacts...
Running migration: 3_deploy_permissions.js
checking step 3
Saving artifacts...
Running migration: 4_link_contracts.js
checking step 4
Saving artifacts...
Running migration: 5_amend_agreements.js
checking step 5
Saving artifacts...
Running migration: 6_relinquish_control.js
checking step 6
Saving artifacts...
Running migration: 7_patch_icbm_state.js
checking step 7
Saving artifacts...
Running migration: 8_deploy_platform_contracts.js
checking step 8
  Running step...
Deploying over ICBM contracts: Commitment 0xf432cec23b2a0d6062b969467f65669de81f4653
Checking if DEPLOYER 0x8a194c13308326173423119f8dcb785ce14c732b has access to accessPolicy
Universe deploying...
  Deploying Universe...
  ... 0x805214d715e433fc0bcef429ba82d0cbdba2834ebf84f3460a3e0763fe2cc502
  Universe: 0x64ccce2369739f7383b9034840697dd3aa721c2f
IdentityRegistry deploying...
  Deploying IdentityRegistry...
  ... 0xde458cc28ea153e5c23435f1ecc753d269e376b8db1af8235850fd0b6fa1258f
  IdentityRegistry: 0x0214c2f29a6eb770e26ff1ce83ab984fe78cb917
Deploying EtherToken
  Deploying EtherToken...
  ... 0x7924cdb1362905a089b63f8262f42507dd295c4d6145ace0840d4a0f49189daf
  EtherToken: 0xcfd8679c2f93aa463f84b6d6a8712f2f004fbcec
Deploying EuroTokenController
  Deploying EuroTokenController...
  ... 0xafd729f0d7c57ba716085e67c19e2d65e7d3daba4781a2237d8aa9879080754b
  EuroTokenController: 0x0463cd03a2c97a16c30cbc7c485073883fcc2769
Deploying EuroToken
  Deploying EuroToken...
  ... 0x13cd0ae992d5ad56f77b98caffdb62aebe4c319b65b13dd2839b86101df9952c
  EuroToken: 0xcc69fbd36d4489ccbd6749718d9a002e294693c9
Deploying LockedAccounts
  Deploying LockedAccount...
  ... 0xf89b4c2682938635842864616e95110ca5743874ce8542bdc079c7cf014b89cc
  LockedAccount: 0xfc632ee2435ce8138a856a9d47f62a8713280e37
  Replacing LockedAccount...
  ... 0x1c066b8e528b8166c325bd9ba15bf234b0258fa655db597623a9b4cc11ed8e56
  LockedAccount: 0x01165835b7bb9d2f0d9d54135c5308a3e7595ecb
Deploying SimpleExchange
  Deploying SimpleExchange...
  ... 0x146910786285d5bc7a38c8746e4ddb190acda1f93b5c1e0a2a454f63bbc39831
  SimpleExchange: 0x04c97c7ae0642c42746f9a7deb9fb01c8e17f631
Setting permissions to Universe
  ... 0x14b62dfc01bc9f9db595ec5bc085f6eb3f870715770da27d614819a9fa7ccb69
Add singletons to Universe
  ... 0xd8d9054116b5c53cb4af393868a7e3f2868072678b5e1d63f2939a2831664120
Saving artifacts...
Running migration: 9_deploy_platform_permissions.js
checking step 9
  Running step...
drop permissions from icbm contracts
  ... 0x8f7170a56b200d3936ae344aed64019da5b0edcd806e26dd4a6a95e0d59fe1bd
set platform permissions
  ... 0xc636457c913527cc1302cc8816aac0ccd980386677286035008cf8236bf5478e
give deployer permissions to setup eur-t, to be relinquished later
  ... 0xa66a94947f5f22bb35e34665a830914b5a6c6b412e4240b5bdf267f9b260d544
Saving artifacts...
Running migration: 10_setup_platform.js
checking step 10
  Running step...
Apply euro token controller settings
  ... 0x04b97692729f3eda1631fea2d511d164bb9f335a699ea634456a6b1f4632cd5d
---------------------------------------------
On live network, enable LockedAccount migrations manually
---------------------------------------------
Saving artifacts...
Running migration: 11_apply_fixtures.js
checking step 11
Saving artifacts...
Running migration: 12_platform_finalize.js
checking step 12
  Running step...
Dropping temporary permissions
  ... 0xab15fb746607a592d14754b294abd7b5c1a0a93c3c57cab36ca8b03cf6d0a10e
---------------------------------------------
ACCESS_CONTROLLER 0x8AD8B24594ef90c15B2bd05edE0c67509c036B29 must remove access to deployer 0x8a194c13308326173423119f8dcb785ce14c732b for object 0xae38c27e646959735ec70d77ed4ecc03a3eff490
---------------------------------------------
deployment finished at block 5743453
---------------------------------------------
Universe is 0x64ccce2369739f7383b9034840697dd3aa721c2f
Deployment artifacts are in "/home/rudolfix/src/Neufund/platform-contracts/build/meta.json"
---------------------------------------------
